<?xml version="1.0" encoding="UTF-8"?>
<!-- Generated by org.testng.reporters.JUnitXMLReporter -->
<testsuite ignored="0" hostname="Parsams-MacBook-Air.local" failures="0" tests="11" name="Bank Application Test - CHROME" time="110.852" errors="0" timestamp="30 May 2021 09:11:02 GMT">
  <testcase classname="com.qa.tests.LoginPageTest" name="isUserNameInputBoxDisplayedTest" time="0.167"/>
  <testcase classname="com.qa.tests.HomePageTest" name="isBankNameInputBoxDisplayedTest" time="1.75"/>
  <testcase classname="com.qa.tests.LoginPageTest" name="isPasswordInputBoxDisplayedTest" time="0.129"/>
  <testcase classname="com.qa.tests.HomePageTest" name="isBankIfscInputBoxDisplayedTest" time="1.745"/>
  <testcase classname="com.qa.tests.LoginPageTest" name="isCheckMeOutCheckboxDisplayedTest" time="0.092"/>
  <testcase classname="com.qa.tests.HomePageTest" name="isBankAccountNoInputBoxDisplayedTest" time="1.672"/>
  <testcase classname="com.qa.tests.LoginPageTest" name="isLoginbtnDisplayedTest" time="0.1"/>
  <testcase classname="com.qa.tests.HomePageTest" name="isBankAccountHolderNameInputBoxDisplayedTest" time="1.678"/>
  <testcase classname="com.qa.tests.LoginPageTest" name="isLoginBtnDisabledUntilUserSelectsCheckboxTest" time="0.095"/>
  <testcase classname="com.qa.tests.HomePageTest" name="isSubmitKycBtnDisplayedTest" time="1.71"/>
  <testcase classname="com.qa.tests.LoginPageTest" name="isLoginBtnEnabledAfterUserSelectsCheckboxTest" time="0.36"/>
</testsuite> <!-- Bank Application Test - CHROME -->
